Arguments: 
  E:\Program Files\nodejs\node.exe C:\Users\calm\AppData\Roaming\npm\node_modules\yarn\bin\yarn.js add --save-dev babel-preset-es2015 babel-cli

PATH: 
  C:\Windows\system32;C:\Windows;C:\Windows\System32\Wbem;C:\Windows\System32\WindowsPowerShell\v1.0\;C:\Program Files\Intel\WiFi\bin\;C:\Program Files\Common Files\Intel\WirelessCommon\;E:\Program Files\Java\jdk1.8.0_121_x64\bin;E:\Program Files\Java\jdk1.8.0_121_x64\jre\bin;E:\Program Files\nodejs\;e:\Program Files\Git\cmd;C:\Users\calm\AppData\Roaming\npm;e:\Program Files\Microsoft VS Code\bin

Yarn version: 
  1.5.1

Node version: 
  8.10.0

Platform: 
  win32 x64

npm manifest: 
  {
    "name": "calm",
    "version": "1.0.0",
    "description": "es6",
    "main": "index.js",
    "scripts": {
      "test": "echo \"Error: no test specified\" && exit 1",
      "server": "live-server ./ --port=9090",
      "build": "babel src/index.js -o dist/index.js"
    },
    "repository": "git+https://github.com/pingjingsht/calm.git",
    "author": "calm",
    "license": "ISC",
    "bugs": {
      "url": "https://github.com/pingjingsht/calm/issues"
    },
    "homepage": "https://github.com/pingjingsht/calm#readme",
    "devDependencies": {
      "babel-cli": "^6.26.0",
      "babel-preset-es2015": "^6.24.1",
      "webpack": "^4.1.1"
    },
    "dependencies": {
      "babel-core": "^6.26.0",
      "babel-runtime": "^6.26.0"
    }
  }

yarn manifest: 
  No manifest

Lockfile: 
  No lockfile

Trace: 
  Error: EPERM: operation not permitted, unlink 'F:\calm\calm\es6\node_modules\_ajv-keywords@3.1.0@ajv-keywords\keywords'
